# JRE version: OpenJDK Runtime Environment Temurin-17.0.5+8 (17.0.5+8) (build 17.0.5+8)
# Java VM: OpenJDK 64-Bit Server VM Temurin-17.0.5+8 (17.0.5+8, mixed mode, emulated-client, tiered, compressed oops, compressed class ptrs, g1 gc, windows-amd64)
GC Precious Log:
 CPUs: 8 total, 8 available
 Memory: 8091M
 Large Page Support: Disabled
 NUMA Support: Disabled
 Compressed Oops: Enabled (32-bit)
 Heap Region Size: 1M
 Heap Min Capacity: 8M
 Heap Initial Capacity: 128M
 Heap Max Capacity: 2024M
 Pre-touch: Disabled
 Parallel Workers: 8
 Concurrent Workers: 2
 Concurrent Refinement Workers: 8
 Periodic GC: Disabled
Heap:
 garbage-first heap   total 304128K, used 90869K [0x0000000081800000, 0x0000000100000000)
  region size 1024K, 15 young (15360K), 15 survivors (15360K)
 Metaspace       used 39626K, committed 40000K, reserved 1089536K
  class space    used 5006K, committed 5184K, reserved 1048576K
GC Heap History (20 events):
Event: 3.750 GC heap after
{Heap after GC invocations=13 (full 0):
 garbage-first heap   total 95232K, used 33568K [0x0000000081800000, 0x0000000100000000)
  region size 1024K, 3 young (3072K), 3 survivors (3072K)
 Metaspace       used 37301K, committed 37632K, reserved 1081344K
  class space    used 4767K, committed 4928K, reserved 1048576K
}
Event: 3.853 GC heap before
{Heap before GC invocations=14 (full 0):
 garbage-first heap   total 95232K, used 66336K [0x0000000081800000, 0x0000000100000000)
  region size 1024K, 36 young (36864K), 3 survivors (3072K)
 Metaspace       used 38054K, committed 38336K, reserved 1089536K
  class space    used 4808K, committed 4928K, reserved 1048576K
}
Event: 3.861 GC heap after
{Heap after GC invocations=15 (full 0):
 garbage-first heap   total 95232K, used 42062K [0x0000000081800000, 0x0000000100000000)
  region size 1024K, 5 young (5120K), 5 survivors (5120K)
 Metaspace       used 38054K, committed 38336K, reserved 1089536K
  class space    used 4808K, committed 4928K, reserved 1048576K
}
Event: 3.863 GC heap before
{Heap before GC invocations=15 (full 0):
 garbage-first heap   total 95232K, used 43086K [0x0000000081800000, 0x0000000100000000)
  region size 1024K, 6 young (6144K), 5 survivors (5120K)
 Metaspace       used 38054K, committed 38336K, reserved 1089536K
  class space    used 4808K, committed 4928K, reserved 1048576K
}
Event: 3.868 GC heap after
{Heap after GC invocations=16 (full 0):
 garbage-first heap   total 95232K, used 43256K [0x0000000081800000, 0x0000000100000000)
  region size 1024K, 1 young (1024K), 1 survivors (1024K)
 Metaspace       used 38054K, committed 38336K, reserved 1089536K
  class space    used 4808K, committed 4928K, reserved 1048576K
}
Event: 3.918 GC heap before
{Heap before GC invocations=16 (full 0):
 garbage-first heap   total 95232K, used 67832K [0x0000000081800000, 0x0000000100000000)
  region size 1024K, 26 young (26624K), 1 survivors (1024K)
 Metaspace       used 38103K, committed 38336K, reserved 1089536K
  class space    used 4812K, committed 4928K, reserved 1048576K
}
Event: 3.923 GC heap after
{Heap after GC invocations=17 (full 0):
 garbage-first heap   total 95232K, used 48968K [0x0000000081800000, 0x0000000100000000)
  region size 1024K, 4 young (4096K), 4 survivors (4096K)
 Metaspace       used 38103K, committed 38336K, reserved 1089536K
  class space    used 4812K, committed 4928K, reserved 1048576K
}
Event: 4.150 GC heap before
{Heap before GC invocations=18 (full 0):
 garbage-first heap   total 101376K, used 71496K [0x0000000081800000, 0x0000000100000000)
  region size 1024K, 26 young (26624K), 4 survivors (4096K)
 Metaspace       used 38867K, committed 39168K, reserved 1089536K
  class space    used 4910K, committed 5056K, reserved 1048576K
}
Event: 4.155 GC heap after
{Heap after GC invocations=19 (full 0):
 garbage-first heap   total 101376K, used 54340K [0x0000000081800000, 0x0000000100000000)
  region size 1024K, 4 young (4096K), 4 survivors (4096K)
 Metaspace       used 38867K, committed 39168K, reserved 1089536K
  class space    used 4910K, committed 5056K, reserved 1048576K
}
Event: 4.164 GC heap before
{Heap before GC invocations=19 (full 0):
 garbage-first heap   total 101376K, used 55364K [0x0000000081800000, 0x0000000100000000)
  region size 1024K, 5 young (5120K), 4 survivors (4096K)
 Metaspace       used 38867K, committed 39168K, reserved 1089536K
  class space    used 4910K, committed 5056K, reserved 1048576K
}
Event: 4.168 GC heap after
{Heap after GC invocations=20 (full 0):
 garbage-first heap   total 101376K, used 54638K [0x0000000081800000, 0x0000000100000000)
  region size 1024K, 1 young (1024K), 1 survivors (1024K)
 Metaspace       used 38867K, committed 39168K, reserved 1089536K
  class space    used 4910K, committed 5056K, reserved 1048576K
}
Event: 4.194 GC heap before
{Heap before GC invocations=20 (full 0):
 garbage-first heap   total 101376K, used 57710K [0x0000000081800000, 0x0000000100000000)
  region size 1024K, 6 young (6144K), 1 survivors (1024K)
 Metaspace       used 38867K, committed 39168K, reserved 1089536K
  class space    used 4910K, committed 5056K, reserved 1048576K
}
Event: 4.199 GC heap after
{Heap after GC invocations=21 (full 0):
 garbage-first heap   total 304128K, used 56678K [0x0000000081800000, 0x0000000100000000)
  region size 1024K, 3 young (3072K), 3 survivors (3072K)
 Metaspace       used 38867K, committed 39168K, reserved 1089536K
  class space    used 4910K, committed 5056K, reserved 1048576K
}
Event: 4.383 GC heap before
{Heap before GC invocations=21 (full 0):
 garbage-first heap   total 304128K, used 165222K [0x0000000081800000, 0x0000000100000000)
  region size 1024K, 108 young (110592K), 3 survivors (3072K)
 Metaspace       used 39185K, committed 39552K, reserved 1089536K
  class space    used 4960K, committed 5120K, reserved 1048576K
}
Event: 4.420 GC heap after
{Heap after GC invocations=22 (full 0):
 garbage-first heap   total 304128K, used 75989K [0x0000000081800000, 0x0000000100000000)
  region size 1024K, 14 young (14336K), 14 survivors (14336K)
 Metaspace       used 39185K, committed 39552K, reserved 1089536K
  class space    used 4960K, committed 5120K, reserved 1048576K
}
Event: 4.464 GC heap before
{Heap before GC invocations=22 (full 0):
 garbage-first heap   total 304128K, used 182485K [0x0000000081800000, 0x0000000100000000)
  region size 1024K, 119 young (121856K), 14 survivors (14336K)
 Metaspace       used 39240K, committed 39616K, reserved 1089536K
  class space    used 4964K, committed 5120K, reserved 1048576K
}
Event: 4.475 GC heap after
{Heap after GC invocations=23 (full 0):
 garbage-first heap   total 304128K, used 81468K [0x0000000081800000, 0x0000000100000000)
  region size 1024K, 5 young (5120K), 5 survivors (5120K)
 Metaspace       used 39240K, committed 39616K, reserved 1089536K
  class space    used 4964K, committed 5120K, reserved 1048576K
}
Event: 4.511 GC heap before
{Heap before GC invocations=23 (full 0):
 garbage-first heap   total 304128K, used 192060K [0x0000000081800000, 0x0000000100000000)
  region size 1024K, 115 young (117760K), 5 survivors (5120K)
 Metaspace       used 39459K, committed 39808K, reserved 1089536K
  class space    used 4991K, committed 5120K, reserved 1048576K
}
Event: 4.518 GC heap after
{Heap after GC invocations=24 (full 0):
 garbage-first heap   total 304128K, used 85068K [0x0000000081800000, 0x0000000100000000)
  region size 1024K, 9 young (9216K), 9 survivors (9216K)
 Metaspace       used 39459K, committed 39808K, reserved 1089536K
  class space    used 4991K, committed 5120K, reserved 1048576K
}
Event: 4.569 GC heap before
{Heap before GC invocations=24 (full 0):
 garbage-first heap   total 304128K, used 218188K [0x0000000081800000, 0x0000000100000000)
  region size 1024K, 140 young (143360K), 9 survivors (9216K)
 Metaspace       used 39626K, committed 40000K, reserved 1089536K
  class space    used 5006K, committed 5184K, reserved 1048576K
}

