# JRE version: OpenJDK Runtime Environment Temurin-17.0.5+8 (17.0.5+8) (build 17.0.5+8)
# Java VM: OpenJDK 64-Bit Server VM Temurin-17.0.5+8 (17.0.5+8, mixed mode, emulated-client, tiered, compressed oops, compressed class ptrs, g1 gc, windows-amd64)
GC Precious Log:
 CPUs: 8 total, 8 available
 Memory: 8091M
 Large Page Support: Disabled
 NUMA Support: Disabled
 Compressed Oops: Enabled (32-bit)
 Heap Region Size: 1M
 Heap Min Capacity: 8M
 Heap Initial Capacity: 128M
 Heap Max Capacity: 2024M
 Pre-touch: Disabled
 Parallel Workers: 8
 Concurrent Workers: 2
 Concurrent Refinement Workers: 8
 Periodic GC: Disabled
Heap:
 garbage-first heap   total 375808K, used 88436K [0x0000000081800000, 0x0000000100000000)
  region size 1024K, 11 young (11264K), 11 survivors (11264K)
 Metaspace       used 35926K, committed 36288K, reserved 1081344K
  class space    used 4646K, committed 4800K, reserved 1048576K
GC Heap History (20 events):
Event: 4.031 GC heap after
{Heap after GC invocations=11 (full 0):
 garbage-first heap   total 96256K, used 46038K [0x0000000081800000, 0x0000000100000000)
  region size 1024K, 5 young (5120K), 5 survivors (5120K)
 Metaspace       used 35723K, committed 36096K, reserved 1081344K
  class space    used 4622K, committed 4800K, reserved 1048576K
}
Event: 4.313 GC heap before
{Heap before GC invocations=11 (full 0):
 garbage-first heap   total 96256K, used 71638K [0x0000000081800000, 0x0000000100000000)
  region size 1024K, 30 young (30720K), 5 survivors (5120K)
 Metaspace       used 35725K, committed 36096K, reserved 1081344K
  class space    used 4623K, committed 4800K, reserved 1048576K
}
Event: 4.325 GC heap after
{Heap after GC invocations=12 (full 0):
 garbage-first heap   total 153600K, used 56713K [0x0000000081800000, 0x0000000100000000)
  region size 1024K, 4 young (4096K), 4 survivors (4096K)
 Metaspace       used 35725K, committed 36096K, reserved 1081344K
  class space    used 4623K, committed 4800K, reserved 1048576K
}
Event: 4.379 GC heap before
{Heap before GC invocations=12 (full 0):
 garbage-first heap   total 153600K, used 66953K [0x0000000081800000, 0x0000000100000000)
  region size 1024K, 15 young (15360K), 4 survivors (4096K)
 Metaspace       used 35813K, committed 36224K, reserved 1081344K
  class space    used 4631K, committed 4800K, reserved 1048576K
}
Event: 4.407 GC heap after
{Heap after GC invocations=13 (full 0):
 garbage-first heap   total 153600K, used 65224K [0x0000000081800000, 0x0000000100000000)
  region size 1024K, 6 young (6144K), 6 survivors (6144K)
 Metaspace       used 35813K, committed 36224K, reserved 1081344K
  class space    used 4631K, committed 4800K, reserved 1048576K
}
Event: 4.442 GC heap before
{Heap before GC invocations=13 (full 0):
 garbage-first heap   total 153600K, used 99016K [0x0000000081800000, 0x0000000100000000)
  region size 1024K, 40 young (40960K), 6 survivors (6144K)
 Metaspace       used 35822K, committed 36224K, reserved 1081344K
  class space    used 4633K, committed 4800K, reserved 1048576K
}
Event: 4.457 GC heap after
{Heap after GC invocations=14 (full 0):
 garbage-first heap   total 153600K, used 68149K [0x0000000081800000, 0x0000000100000000)
  region size 1024K, 3 young (3072K), 3 survivors (3072K)
 Metaspace       used 35822K, committed 36224K, reserved 1081344K
  class space    used 4633K, committed 4800K, reserved 1048576K
}
Event: 4.475 GC heap before
{Heap before GC invocations=14 (full 0):
 garbage-first heap   total 153600K, used 102965K [0x0000000081800000, 0x0000000100000000)
  region size 1024K, 38 young (38912K), 3 survivors (3072K)
 Metaspace       used 35845K, committed 36224K, reserved 1081344K
  class space    used 4639K, committed 4800K, reserved 1048576K
}
Event: 4.477 GC heap after
{Heap after GC invocations=15 (full 0):
 garbage-first heap   total 153600K, used 69101K [0x0000000081800000, 0x0000000100000000)
  region size 1024K, 4 young (4096K), 4 survivors (4096K)
 Metaspace       used 35845K, committed 36224K, reserved 1081344K
  class space    used 4639K, committed 4800K, reserved 1048576K
}
Event: 4.493 GC heap before
{Heap before GC invocations=15 (full 0):
 garbage-first heap   total 153600K, used 105965K [0x0000000081800000, 0x0000000100000000)
  region size 1024K, 41 young (41984K), 4 survivors (4096K)
 Metaspace       used 35880K, committed 36224K, reserved 1081344K
  class space    used 4641K, committed 4800K, reserved 1048576K
}
Event: 4.499 GC heap after
{Heap after GC invocations=16 (full 0):
 garbage-first heap   total 375808K, used 70625K [0x0000000081800000, 0x0000000100000000)
  region size 1024K, 5 young (5120K), 5 survivors (5120K)
 Metaspace       used 35880K, committed 36224K, reserved 1081344K
  class space    used 4641K, committed 4800K, reserved 1048576K
}
Event: 4.569 GC heap before
{Heap before GC invocations=17 (full 0):
 garbage-first heap   total 260096K, used 188385K [0x0000000081800000, 0x0000000100000000)
  region size 1024K, 123 young (125952K), 5 survivors (5120K)
 Metaspace       used 35926K, committed 36288K, reserved 1081344K
  class space    used 4646K, committed 4800K, reserved 1048576K
}
Event: 4.576 GC heap after
{Heap after GC invocations=18 (full 0):
 garbage-first heap   total 260096K, used 74159K [0x0000000081800000, 0x0000000100000000)
  region size 1024K, 9 young (9216K), 9 survivors (9216K)
 Metaspace       used 35926K, committed 36288K, reserved 1081344K
  class space    used 4646K, committed 4800K, reserved 1048576K
}
Event: 4.580 GC heap before
{Heap before GC invocations=18 (full 0):
 garbage-first heap   total 260096K, used 76207K [0x0000000081800000, 0x0000000100000000)
  region size 1024K, 12 young (12288K), 9 survivors (9216K)
 Metaspace       used 35926K, committed 36288K, reserved 1081344K
  class space    used 4646K, committed 4800K, reserved 1048576K
}
Event: 4.588 GC heap after
{Heap after GC invocations=19 (full 0):
 garbage-first heap   total 260096K, used 74824K [0x0000000081800000, 0x0000000100000000)
  region size 1024K, 2 young (2048K), 2 survivors (2048K)
 Metaspace       used 35926K, committed 36288K, reserved 1081344K
  class space    used 4646K, committed 4800K, reserved 1048576K
}
Event: 4.634 GC heap before
{Heap before GC invocations=19 (full 0):
 garbage-first heap   total 260096K, used 187464K [0x0000000081800000, 0x0000000100000000)
  region size 1024K, 113 young (115712K), 2 survivors (2048K)
 Metaspace       used 35926K, committed 36288K, reserved 1081344K
  class space    used 4646K, committed 4800K, reserved 1048576K
}
Event: 4.638 GC heap after
{Heap after GC invocations=20 (full 0):
 garbage-first heap   total 260096K, used 78228K [0x0000000081800000, 0x0000000100000000)
  region size 1024K, 5 young (5120K), 5 survivors (5120K)
 Metaspace       used 35926K, committed 36288K, reserved 1081344K
  class space    used 4646K, committed 4800K, reserved 1048576K
}
Event: 4.674 GC heap before
{Heap before GC invocations=20 (full 0):
 garbage-first heap   total 260096K, used 194964K [0x0000000081800000, 0x0000000100000000)
  region size 1024K, 120 young (122880K), 5 survivors (5120K)
 Metaspace       used 35926K, committed 36288K, reserved 1081344K
  class space    used 4646K, committed 4800K, reserved 1048576K
}
Event: 4.681 GC heap after
{Heap after GC invocations=21 (full 0):
 garbage-first heap   total 260096K, used 83025K [0x0000000081800000, 0x0000000100000000)
  region size 1024K, 10 young (10240K), 10 survivors (10240K)
 Metaspace       used 35926K, committed 36288K, reserved 1081344K
  class space    used 4646K, committed 4800K, reserved 1048576K
}
Event: 4.715 GC heap before
{Heap before GC invocations=21 (full 0):
 garbage-first heap   total 260096K, used 199761K [0x0000000081800000, 0x0000000100000000)
  region size 1024K, 125 young (128000K), 10 survivors (10240K)
 Metaspace       used 35926K, committed 36288K, reserved 1081344K
  class space    used 4646K, committed 4800K, reserved 1048576K
}

