# JRE version: OpenJDK Runtime Environment Temurin-17.0.5+8 (17.0.5+8) (build 17.0.5+8)
# Java VM: OpenJDK 64-Bit Server VM Temurin-17.0.5+8 (17.0.5+8, mixed mode, emulated-client, tiered, compressed oops, compressed class ptrs, g1 gc, windows-amd64)
GC Precious Log:
 CPUs: 8 total, 8 available
 Memory: 8091M
 Large Page Support: Disabled
 NUMA Support: Disabled
 Compressed Oops: Enabled (32-bit)
 Heap Region Size: 1M
 Heap Min Capacity: 8M
 Heap Initial Capacity: 128M
 Heap Max Capacity: 2024M
 Pre-touch: Disabled
 Parallel Workers: 8
 Concurrent Workers: 2
 Concurrent Refinement Workers: 8
 Periodic GC: Disabled
Heap:
 garbage-first heap   total 396288K, used 107972K [0x0000000081800000, 0x0000000100000000)
  region size 1024K, 19 young (19456K), 19 survivors (19456K)
 Metaspace       used 41620K, committed 41984K, reserved 1089536K
  class space    used 5293K, committed 5440K, reserved 1048576K
GC Heap History (20 events):
Event: 5.098 GC heap after
{Heap after GC invocations=18 (full 0):
 garbage-first heap   total 109568K, used 47264K [0x0000000081800000, 0x0000000100000000)
  region size 1024K, 6 young (6144K), 6 survivors (6144K)
 Metaspace       used 38056K, committed 38336K, reserved 1089536K
  class space    used 4809K, committed 4928K, reserved 1048576K
}
Event: 5.342 GC heap before
{Heap before GC invocations=18 (full 0):
 garbage-first heap   total 109568K, used 74912K [0x0000000081800000, 0x0000000100000000)
  region size 1024K, 34 young (34816K), 6 survivors (6144K)
 Metaspace       used 38856K, committed 39168K, reserved 1089536K
  class space    used 4906K, committed 5056K, reserved 1048576K
}
Event: 5.350 GC heap after
{Heap after GC invocations=19 (full 0):
 garbage-first heap   total 109568K, used 53205K [0x0000000081800000, 0x0000000100000000)
  region size 1024K, 5 young (5120K), 5 survivors (5120K)
 Metaspace       used 38856K, committed 39168K, reserved 1089536K
  class space    used 4906K, committed 5056K, reserved 1048576K
}
Event: 5.464 GC heap before
{Heap before GC invocations=19 (full 0):
 garbage-first heap   total 109568K, used 66517K [0x0000000081800000, 0x0000000100000000)
  region size 1024K, 19 young (19456K), 5 survivors (5120K)
 Metaspace       used 39610K, committed 40000K, reserved 1089536K
  class space    used 5006K, committed 5184K, reserved 1048576K
}
Event: 5.470 GC heap after
{Heap after GC invocations=20 (full 0):
 garbage-first heap   total 109568K, used 60686K [0x0000000081800000, 0x0000000100000000)
  region size 1024K, 4 young (4096K), 4 survivors (4096K)
 Metaspace       used 39610K, committed 40000K, reserved 1089536K
  class space    used 5006K, committed 5184K, reserved 1048576K
}
Event: 5.570 GC heap before
{Heap before GC invocations=21 (full 0):
 garbage-first heap   total 132096K, used 83214K [0x0000000081800000, 0x0000000100000000)
  region size 1024K, 26 young (26624K), 4 survivors (4096K)
 Metaspace       used 40236K, committed 40640K, reserved 1089536K
  class space    used 5091K, committed 5312K, reserved 1048576K
}
Event: 5.580 GC heap after
{Heap after GC invocations=22 (full 0):
 garbage-first heap   total 132096K, used 70551K [0x0000000081800000, 0x0000000100000000)
  region size 1024K, 4 young (4096K), 4 survivors (4096K)
 Metaspace       used 40236K, committed 40640K, reserved 1089536K
  class space    used 5091K, committed 5312K, reserved 1048576K
}
Event: 5.591 GC heap before
{Heap before GC invocations=22 (full 0):
 garbage-first heap   total 132096K, used 73623K [0x0000000081800000, 0x0000000100000000)
  region size 1024K, 6 young (6144K), 4 survivors (4096K)
 Metaspace       used 40315K, committed 40704K, reserved 1089536K
  class space    used 5101K, committed 5312K, reserved 1048576K
}
Event: 5.596 GC heap after
{Heap after GC invocations=23 (full 0):
 garbage-first heap   total 132096K, used 72380K [0x0000000081800000, 0x0000000100000000)
  region size 1024K, 1 young (1024K), 1 survivors (1024K)
 Metaspace       used 40315K, committed 40704K, reserved 1089536K
  class space    used 5101K, committed 5312K, reserved 1048576K
}
Event: 5.649 GC heap before
{Heap before GC invocations=23 (full 0):
 garbage-first heap   total 132096K, used 96956K [0x0000000081800000, 0x0000000100000000)
  region size 1024K, 26 young (26624K), 1 survivors (1024K)
 Metaspace       used 40849K, committed 41216K, reserved 1089536K
  class space    used 5191K, committed 5376K, reserved 1048576K
}
Event: 5.676 GC heap after
{Heap after GC invocations=24 (full 0):
 garbage-first heap   total 396288K, used 77750K [0x0000000081800000, 0x0000000100000000)
  region size 1024K, 4 young (4096K), 4 survivors (4096K)
 Metaspace       used 40849K, committed 41216K, reserved 1089536K
  class space    used 5191K, committed 5376K, reserved 1048576K
}
Event: 5.827 GC heap before
{Heap before GC invocations=25 (full 0):
 garbage-first heap   total 396288K, used 219062K [0x0000000081800000, 0x0000000100000000)
  region size 1024K, 144 young (147456K), 4 survivors (4096K)
 Metaspace       used 41053K, committed 41408K, reserved 1089536K
  class space    used 5216K, committed 5376K, reserved 1048576K
}
Event: 5.838 GC heap after
{Heap after GC invocations=26 (full 0):
 garbage-first heap   total 396288K, used 82443K [0x0000000081800000, 0x0000000100000000)
  region size 1024K, 10 young (10240K), 10 survivors (10240K)
 Metaspace       used 41053K, committed 41408K, reserved 1089536K
  class space    used 5216K, committed 5376K, reserved 1048576K
}
Event: 5.843 GC heap before
{Heap before GC invocations=26 (full 0):
 garbage-first heap   total 396288K, used 90635K [0x0000000081800000, 0x0000000100000000)
  region size 1024K, 19 young (19456K), 10 survivors (10240K)
 Metaspace       used 41054K, committed 41408K, reserved 1089536K
  class space    used 5216K, committed 5376K, reserved 1048576K
}
Event: 5.852 GC heap after
{Heap after GC invocations=27 (full 0):
 garbage-first heap   total 396288K, used 82058K [0x0000000081800000, 0x0000000100000000)
  region size 1024K, 2 young (2048K), 2 survivors (2048K)
 Metaspace       used 41054K, committed 41408K, reserved 1089536K
  class space    used 5216K, committed 5376K, reserved 1048576K
}
Event: 5.950 GC heap before
{Heap before GC invocations=27 (full 0):
 garbage-first heap   total 396288K, used 282762K [0x0000000081800000, 0x0000000100000000)
  region size 1024K, 199 young (203776K), 2 survivors (2048K)
 Metaspace       used 41174K, committed 41600K, reserved 1089536K
  class space    used 5230K, committed 5440K, reserved 1048576K
}
Event: 5.960 GC heap after
{Heap after GC invocations=28 (full 0):
 garbage-first heap   total 396288K, used 89491K [0x0000000081800000, 0x0000000100000000)
  region size 1024K, 9 young (9216K), 9 survivors (9216K)
 Metaspace       used 41174K, committed 41600K, reserved 1089536K
  class space    used 5230K, committed 5440K, reserved 1048576K
}
Event: 6.046 GC heap before
{Heap before GC invocations=28 (full 0):
 garbage-first heap   total 396288K, used 301459K [0x0000000081800000, 0x0000000100000000)
  region size 1024K, 217 young (222208K), 9 survivors (9216K)
 Metaspace       used 41401K, committed 41792K, reserved 1089536K
  class space    used 5263K, committed 5440K, reserved 1048576K
}
Event: 6.062 GC heap after
{Heap after GC invocations=29 (full 0):
 garbage-first heap   total 396288K, used 98862K [0x0000000081800000, 0x0000000100000000)
  region size 1024K, 18 young (18432K), 18 survivors (18432K)
 Metaspace       used 41401K, committed 41792K, reserved 1089536K
  class space    used 5263K, committed 5440K, reserved 1048576K
}
Event: 6.162 GC heap before
{Heap before GC invocations=29 (full 0):
 garbage-first heap   total 396288K, used 308782K [0x0000000081800000, 0x0000000100000000)
  region size 1024K, 224 young (229376K), 18 survivors (18432K)
 Metaspace       used 41620K, committed 41984K, reserved 1089536K
  class space    used 5293K, committed 5440K, reserved 1048576K
}

