# JRE version: OpenJDK Runtime Environment Temurin-17.0.5+8 (17.0.5+8) (build 17.0.5+8)
# Java VM: OpenJDK 64-Bit Server VM Temurin-17.0.5+8 (17.0.5+8, mixed mode, emulated-client, tiered, compressed oops, compressed class ptrs, g1 gc, windows-amd64)
GC Precious Log:
 CPUs: 8 total, 8 available
 Memory: 8091M
 Large Page Support: Disabled
 NUMA Support: Disabled
 Compressed Oops: Enabled (32-bit)
 Heap Region Size: 1M
 Heap Min Capacity: 8M
 Heap Initial Capacity: 128M
 Heap Max Capacity: 2024M
 Pre-touch: Disabled
 Parallel Workers: 8
 Concurrent Workers: 2
 Concurrent Refinement Workers: 8
 Periodic GC: Disabled
Heap:
 garbage-first heap   total 183296K, used 75231K [0x0000000081800000, 0x0000000100000000)
  region size 1024K, 6 young (6144K), 6 survivors (6144K)
 Metaspace       used 35868K, committed 36224K, reserved 1081344K
  class space    used 4644K, committed 4800K, reserved 1048576K
GC Heap History (20 events):
Event: 3.404 GC heap after
{Heap after GC invocations=9 (full 0):
 garbage-first heap   total 61440K, used 24655K [0x0000000081800000, 0x0000000100000000)
  region size 1024K, 4 young (4096K), 4 survivors (4096K)
 Metaspace       used 35602K, committed 35904K, reserved 1081344K
  class space    used 4602K, committed 4736K, reserved 1048576K
}
Event: 3.487 GC heap before
{Heap before GC invocations=9 (full 0):
 garbage-first heap   total 61440K, used 43087K [0x0000000081800000, 0x0000000100000000)
  region size 1024K, 23 young (23552K), 4 survivors (4096K)
 Metaspace       used 35719K, committed 36096K, reserved 1081344K
  class space    used 4620K, committed 4800K, reserved 1048576K
}
Event: 3.492 GC heap after
{Heap after GC invocations=10 (full 0):
 garbage-first heap   total 61440K, used 28785K [0x0000000081800000, 0x0000000100000000)
  region size 1024K, 3 young (3072K), 3 survivors (3072K)
 Metaspace       used 35719K, committed 36096K, reserved 1081344K
  class space    used 4620K, committed 4800K, reserved 1048576K
}
Event: 3.543 GC heap before
{Heap before GC invocations=10 (full 0):
 garbage-first heap   total 61440K, used 45169K [0x0000000081800000, 0x0000000100000000)
  region size 1024K, 19 young (19456K), 3 survivors (3072K)
 Metaspace       used 35719K, committed 36096K, reserved 1081344K
  class space    used 4620K, committed 4800K, reserved 1048576K
}
Event: 3.547 GC heap after
{Heap after GC invocations=11 (full 0):
 garbage-first heap   total 80896K, used 32174K [0x0000000081800000, 0x0000000100000000)
  region size 1024K, 3 young (3072K), 3 survivors (3072K)
 Metaspace       used 35719K, committed 36096K, reserved 1081344K
  class space    used 4620K, committed 4800K, reserved 1048576K
}
Event: 3.634 GC heap before
{Heap before GC invocations=11 (full 0):
 garbage-first heap   total 80896K, used 58798K [0x0000000081800000, 0x0000000100000000)
  region size 1024K, 29 young (29696K), 3 survivors (3072K)
 Metaspace       used 35723K, committed 36096K, reserved 1081344K
  class space    used 4620K, committed 4800K, reserved 1048576K
}
Event: 3.639 GC heap after
{Heap after GC invocations=12 (full 0):
 garbage-first heap   total 80896K, used 37012K [0x0000000081800000, 0x0000000100000000)
  region size 1024K, 4 young (4096K), 4 survivors (4096K)
 Metaspace       used 35723K, committed 36096K, reserved 1081344K
  class space    used 4620K, committed 4800K, reserved 1048576K
}
Event: 3.699 GC heap before
{Heap before GC invocations=12 (full 0):
 garbage-first heap   total 80896K, used 59540K [0x0000000081800000, 0x0000000100000000)
  region size 1024K, 27 young (27648K), 4 survivors (4096K)
 Metaspace       used 35723K, committed 36096K, reserved 1081344K
  class space    used 4620K, committed 4800K, reserved 1048576K
}
Event: 3.706 GC heap after
{Heap after GC invocations=13 (full 0):
 garbage-first heap   total 80896K, used 44026K [0x0000000081800000, 0x0000000100000000)
  region size 1024K, 4 young (4096K), 4 survivors (4096K)
 Metaspace       used 35723K, committed 36096K, reserved 1081344K
  class space    used 4620K, committed 4800K, reserved 1048576K
}
Event: 3.906 GC heap before
{Heap before GC invocations=13 (full 0):
 garbage-first heap   total 80896K, used 60410K [0x0000000081800000, 0x0000000100000000)
  region size 1024K, 21 young (21504K), 4 survivors (4096K)
 Metaspace       used 35723K, committed 36096K, reserved 1081344K
  class space    used 4620K, committed 4800K, reserved 1048576K
}
Event: 3.913 GC heap after
{Heap after GC invocations=14 (full 0):
 garbage-first heap   total 80896K, used 48937K [0x0000000081800000, 0x0000000100000000)
  region size 1024K, 3 young (3072K), 3 survivors (3072K)
 Metaspace       used 35723K, committed 36096K, reserved 1081344K
  class space    used 4620K, committed 4800K, reserved 1048576K
}
Event: 3.979 GC heap before
{Heap before GC invocations=14 (full 0):
 garbage-first heap   total 101376K, used 62249K [0x0000000081800000, 0x0000000100000000)
  region size 1024K, 16 young (16384K), 3 survivors (3072K)
 Metaspace       used 35725K, committed 36096K, reserved 1081344K
  class space    used 4621K, committed 4800K, reserved 1048576K
}
Event: 3.987 GC heap after
{Heap after GC invocations=15 (full 0):
 garbage-first heap   total 183296K, used 55667K [0x0000000081800000, 0x0000000100000000)
  region size 1024K, 2 young (2048K), 2 survivors (2048K)
 Metaspace       used 35725K, committed 36096K, reserved 1081344K
  class space    used 4621K, committed 4800K, reserved 1048576K
}
Event: 4.099 GC heap before
{Heap before GC invocations=16 (full 0):
 garbage-first heap   total 183296K, used 122227K [0x0000000081800000, 0x0000000100000000)
  region size 1024K, 67 young (68608K), 2 survivors (2048K)
 Metaspace       used 35797K, committed 36160K, reserved 1081344K
  class space    used 4635K, committed 4800K, reserved 1048576K
}
Event: 4.128 GC heap after
{Heap after GC invocations=17 (full 0):
 garbage-first heap   total 183296K, used 67085K [0x0000000081800000, 0x0000000100000000)
  region size 1024K, 9 young (9216K), 9 survivors (9216K)
 Metaspace       used 35797K, committed 36160K, reserved 1081344K
  class space    used 4635K, committed 4800K, reserved 1048576K
}
Event: 4.155 GC heap before
{Heap before GC invocations=17 (full 0):
 garbage-first heap   total 183296K, used 126477K [0x0000000081800000, 0x0000000100000000)
  region size 1024K, 68 young (69632K), 9 survivors (9216K)
 Metaspace       used 35868K, committed 36224K, reserved 1081344K
  class space    used 4644K, committed 4800K, reserved 1048576K
}
Event: 4.164 GC heap after
{Heap after GC invocations=18 (full 0):
 garbage-first heap   total 183296K, used 70666K [0x0000000081800000, 0x0000000100000000)
  region size 1024K, 4 young (4096K), 4 survivors (4096K)
 Metaspace       used 35868K, committed 36224K, reserved 1081344K
  class space    used 4644K, committed 4800K, reserved 1048576K
}
Event: 4.192 GC heap before
{Heap before GC invocations=18 (full 0):
 garbage-first heap   total 183296K, used 130058K [0x0000000081800000, 0x0000000100000000)
  region size 1024K, 63 young (64512K), 4 survivors (4096K)
 Metaspace       used 35868K, committed 36224K, reserved 1081344K
  class space    used 4644K, committed 4800K, reserved 1048576K
}
Event: 4.198 GC heap after
{Heap after GC invocations=19 (full 0):
 garbage-first heap   total 183296K, used 72449K [0x0000000081800000, 0x0000000100000000)
  region size 1024K, 6 young (6144K), 6 survivors (6144K)
 Metaspace       used 35868K, committed 36224K, reserved 1081344K
  class space    used 4644K, committed 4800K, reserved 1048576K
}
Event: 4.224 GC heap before
{Heap before GC invocations=19 (full 0):
 garbage-first heap   total 183296K, used 134913K [0x0000000081800000, 0x0000000100000000)
  region size 1024K, 68 young (69632K), 6 survivors (6144K)
 Metaspace       used 35868K, committed 36224K, reserved 1081344K
  class space    used 4644K, committed 4800K, reserved 1048576K
}

